Experiment: q0p4_dt0p01_T40_a0p9_b0p065
Params: /home/user/ros2_ws/dynamic_ws/src/vi/config/vi_params_q0p4_dt0p01_T40_a0p9_b0p065.yaml
[INFO] [1769165062.352292448] [etsvi_node]: Using URDF: /home/user/ros2_ws/dynamic_ws/src/vi/urdf/7_pendulum.urdf
[INFO] [1769165062.352337257] [etsvi_node]: Duration = 40.000, Timestep(init) = 0.010000, eps_diff = 1.0e-06
[INFO] [1769165062.353509757] [etsvi_node]: link_tcp_id=19:
[INFO] [1769165062.353524008] [etsvi_node]: Model has nq=7 nv=7

[>                                                 ] 0%, approx 1mins 9s left... 
[>                                                 ] 0%, approx 1mins 9s left... 
[>                                                 ] 0%, approx 1mins 9s left... 
[>                                                 ] 0%, approx 1mins 9s left... 
[>                                                 ] 0%, approx 1mins 9s left... 
[>                                                 ] 0%, approx 1mins 9s left... 
[>                                                 ] 0%, approx 1mins 14s left... 
[>                                                 ] 0%, approx 1mins 17s left... 
[>                                                 ] 0%, approx 1mins 22s left... 
[>                                                 ] 0%, approx 1mins 25s left... 
[>                                                 ] 0%, approx 1mins 27s left... 
[>                                                 ] 0%, approx 1mins 28s left... 
[>                                                 ] 0%, approx 1mins 29s left... 
[>                                                 ] 0%, approx 1mins 30s left... 
[>                                                 ] 0%, approx 1mins 30s left... 
[>                                                 ] 0%, approx 1mins 31s left... 
[>                                                 ] 0%, approx 1mins 31s left... 
[>                                                 ] 0%, approx 1mins 32s left... 
[>                                                 ] 0%, approx 1mins 32s left... 
[>                                                 ] 0%, approx 1mins 33s left... 
[>                                                 ] 0%, approx 1mins 33s left... 
[>                                                 ] 0%, approx 1mins 33s left... 
[>                                                 ] 0%, approx 1mins 33s left... 
[>                                                 ] 0%, approx 1mins 34s left... 
[>                                                 ] 0%, approx 1mins 34s left... 
[>                                                 ] 0%, approx 1mins 34s left... 
[>                                                 ] 0%, approx 1mins 34s left... 
[>                                                 ] 0%, approx 1mins 35s left... 
[>                                                 ] 0%, approx 1mins 35s left... 
[>                                                 ] 0%, approx 1mins 36s left... 
[>                                                 ] 0%, approx 1mins 36s left... 
[>                                                 ] 0%, approx 1mins 36s left... 
[>                                                 ] 0%, approx 1mins 36s left... 
[>                                                 ] 0%, approx 1mins 36s left... 
[>                                                 ] 0%, approx 1mins 36s left... 
[>                                                 ] 0%, approx 1mins 36s left... 
[>                                                 ] 0%, approx 1mins 36s left... 
[>                                                 ] 0%, approx 1mins 36s left... 
[>                                                 ] 1%, approx 1mins 36s left... 
[>                                                 ] 1%, approx 1mins 36s left... 
[>                                                 ] 1%, approx 1mins 36s left... 
[>                                                 ] 1%, approx 1mins 36s left... 
[>                                                 ] 1%, approx 1mins 36s left... 
[>                                                 ] 1%, approx 1mins 37s left... 
[>                                                 ] 1%, approx 1mins 36s left... 
[>                                                 ] 1%, approx 1mins 37s left... 
[>                                                 ] 1%, approx 1mins 37s left... 
[>                                                 ] 1%, approx 1mins 37s left... 
[>                                                 ] 1%, approx 1mins 36s left... 
[>                                                 ] 1%, approx 1mins 37s left... 
[>                                                 ] 1%, approx 1mins 36s left... 
[>                                                 ] 1%, approx 1mins 38s left... 
[>                                                 ] 1%, approx 1mins 34s left... 
[>                                                 ] 1%, approx 1mins 43s left... 
[>                                                 ] 1%, approx 1mins 28s left... 
[>                                                 ] 1%, approx 2mins 5s left... 
[>                                                 ] 1%, approx 1mins 17s left... 
[>                                                 ] 1%, approx 5mins 22s left... 
[>                                                 ] 1%, approx 2mins 12s left... 
[>                                                 ] 1%, approx 0mins 57s left... 
[>                                                 ] 1%, approx 0mins 46s left... 
[>                                                 ] 1%, approx 2mins 41s left... 
[>                                                 ] 1%, approx 1mins 7s left... 
[>                                                 ] 1%, approx 0mins 40s left... 
[>                                                 ] 1%, approx 1623mins 5s left... 
[>                                                 ] 1%, approx 614mins 7s left... 
[>                                                 ] 1%, approx 179mins 21s left... 
[>                                                 ] 1%, approx 13mins 42s left... 
[>                                                 ] 1%, approx 0mins 19s left... 
[>                                                 ] 1%, approx 0mins 19s left... 
[=>                                                ] 2%, approx 0mins 19s left... 
[=>                                                ] 2%, approx 0mins 19s left... 
[=>                                                ] 2%, approx 0mins 19s left... 
[=>                                                ] 2%, approx 0mins 19s left... 
[=>                                                ] 2%, approx 0mins 19s left... 
[=>                                                ] 2%, approx 0mins 19s left... 
[=>                                                ] 2%, approx 0mins 19s left... 
[=>                                                ] 2%, approx 0mins 19s left... 
[=>                                                ] 3%, approx 0mins 19s left... 
[=>                                                ] 3%, approx 0mins 19s left... 
[=>                                                ] 3%, approx 0mins 19s left... 
[=>                                                ] 3%, approx 0mins 19s left... 
[=>                                                ] 3%, approx 0mins 19s left... 
[=>                                                ] 3%, approx 0mins 19s left... 
[=>                                                ] 3%, approx 0mins 19s left... 
[=>                                                ] 3%, approx 0mins 19s left... 
[==>                                               ] 4%, approx 0mins 19s left... 
[==>                                               ] 4%, approx 0mins 19s left... 
[==>                                               ] 4%, approx 0mins 19s left... 
[==>                                               ] 4%, approx 0mins 19s left... 
[==>                                               ] 4%, approx 0mins 19s left... 
[==>                                               ] 4%, approx 0mins 18s left... 
[==>                                               ] 4%, approx 0mins 18s left... 
[==>                                               ] 4%, approx 0mins 18s left... 
[==>                                               ] 5%, approx 0mins 18s left... 
[==>                                               ] 5%, approx 0mins 18s left... 
[==>                                               ] 5%, approx 0mins 18s left... 
[==>                                               ] 5%, approx 0mins 18s left... 
[==>                                               ] 5%, approx 0mins 18s left... 
[==>                                               ] 5%, approx 0mins 18s left... 
[==>                                               ] 5%, approx 0mins 18s left... 
[==>                                               ] 5%, approx 0mins 18s left... 
[===>                                              ] 6%, approx 0mins 18s left... 
[===>                                              ] 6%, approx 0mins 18s left... 
[===>                                              ] 6%, approx 0mins 18s left... 
[===>                                              ] 6%, approx 0mins 18s left... 
[===>                                              ] 6%, approx 0mins 18s left... 
[===>                                              ] 6%, approx 0mins 18s left... 
[===>                                              ] 6%, approx 0mins 18s left... 
[===>                                              ] 6%, approx 0mins 18s left... 
[===>                                              ] 7%, approx 0mins 18s left... 
[===>                                              ] 7%, approx 0mins 18s left... 
[===>                                              ] 7%, approx 0mins 18s left... 
[===>                                              ] 7%, approx 0mins 18s left... 
[===>                                              ] 7%, approx 0mins 18s left... 
[===>                                              ] 7%, approx 0mins 18s left... 
[===>                                              ] 7%, approx 0mins 18s left... 
[===>                                              ] 7%, approx 0mins 18s left... 
[====>                                             ] 8%, approx 0mins 18s left... 
[====>                                             ] 8%, approx 0mins 18s left... 
[====>                                             ] 8%, approx 0mins 18s left... 
[====>                                             ] 8%, approx 0mins 18s left... 
[====>                                             ] 8%, approx 0mins 18s left... 
[====>                                             ] 8%, approx 0mins 18s left... 
[====>                                             ] 8%, approx 0mins 18s left... 
[====>                                             ] 8%, approx 0mins 18s left... 
[====>                                             ] 9%, approx 0mins 18s left... 
[====>                                             ] 9%, approx 0mins 18s left... 
[====>                                             ] 9%, approx 0mins 18s left... 
[====>                                             ] 9%, approx 0mins 18s left... 
[====>                                             ] 9%, approx 0mins 18s left... 
[====>                                             ] 9%, approx 0mins 18s left... 
[====>                                             ] 9%, approx 0mins 18s left... 
[====>                                             ] 9%, approx 0mins 18s left... 
[=====>                                            ] 10%, approx 0mins 18s left... 
[=====>                                            ] 10%, approx 0mins 17s left... 
[=====>                                            ] 10%, approx 0mins 17s left... 
[=====>                                            ] 10%, approx 0mins 17s left... 
[=====>                                            ] 10%, approx 0mins 17s left... 
[=====>                                            ] 10%, approx 0mins 17s left... 
[=====>                                            ] 10%, approx 0mins 17s left... 
[=====>                                            ] 10%, approx 0mins 17s left... 
[=====>                                            ] 11%, approx 0mins 17s left... 
[=====>                                            ] 11%, approx 0mins 17s left... 
[=====>                                            ] 11%, approx 0mins 17s left... 
[=====>                                            ] 11%, approx 0mins 17s left... 
[=====>                                            ] 11%, approx 0mins 17s left... 
[=====>                                            ] 11%, approx 0mins 17s left... 
[=====>                                            ] 11%, approx 0mins 17s left... 
[=====>                                            ] 11%, approx 0mins 17s left... 
[======>                                           ] 12%, approx 0mins 17s left... 
[======>                                           ] 12%, approx 0mins 17s left... 
[======>                                           ] 12%, approx 0mins 17s left... 
[======>                                           ] 12%, approx 0mins 17s left... 
[======>                                           ] 12%, approx 0mins 17s left... 
[======>                                           ] 12%, approx 0mins 17s left... 
[======>                                           ] 12%, approx 0mins 17s left... 
[======>                                           ] 12%, approx 0mins 17s left... 
[======>                                           ] 13%, approx 0mins 17s left... 
[======>                                           ] 13%, approx 0mins 17s left... 
[======>                                           ] 13%, approx 0mins 17s left... 
[======>                                           ] 13%, approx 0mins 17s left... 
[======>                                           ] 13%, approx 0mins 17s left... 
[======>                                           ] 13%, approx 0mins 17s left... 
[======>                                           ] 13%, approx 0mins 17s left... 
[======>                                           ] 13%, approx 0mins 17s left... 
[=======>                                          ] 14%, approx 0mins 17s left... 
[=======>                                          ] 14%, approx 0mins 17s left... 
[=======>                                          ] 14%, approx 0mins 17s left... 
[=======>                                          ] 14%, approx 0mins 17s left... 
[=======>                                          ] 14%, approx 0mins 17s left... 
[=======>                                          ] 14%, approx 0mins 17s left... 
[=======>                                          ] 14%, approx 0mins 17s left... 
[=======>                                          ] 14%, approx 0mins 17s left... 
[=======>                                          ] 15%, approx 0mins 17s left... 
[=======>                                          ] 15%, approx 0mins 17s left... 
[=======>                                          ] 15%, approx 0mins 17s left... 
[=======>                                          ] 15%, approx 0mins 17s left... 
[=======>                                          ] 15%, approx 0mins 17s left... 
[=======>                                          ] 15%, approx 0mins 16s left... 
[=======>                                          ] 15%, approx 0mins 16s left... 
[=======>                                          ] 15%, approx 0mins 16s left... 
[========>                                         ] 16%, approx 0mins 16s left... 
[========>                                         ] 16%, approx 0mins 16s left... 
[========>                                         ] 16%, approx 0mins 16s left... 
[========>                                         ] 16%, approx 0mins 16s left... 
[========>                                         ] 16%, approx 0mins 16s left... 
[========>                                         ] 16%, approx 0mins 16s left... 
[========>                                         ] 16%, approx 0mins 16s left... 
[========>                                         ] 16%, approx 0mins 16s left... 
[========>                                         ] 17%, approx 0mins 16s left... 
[========>                                         ] 17%, approx 0mins 16s left... 
[========>                                         ] 17%, approx 0mins 16s left... 
[========>                                         ] 17%, approx 0mins 16s left... 
[========>                                         ] 17%, approx 0mins 16s left... 
[========>                                         ] 17%, approx 0mins 16s left... 
[========>                                         ] 17%, approx 0mins 16s left... 
[========>                                         ] 17%, approx 0mins 16s left... 
[=========>                                        ] 18%, approx 0mins 16s left... 
[=========>                                        ] 18%, approx 0mins 16s left... 
[=========>                                        ] 18%, approx 0mins 16s left... 
[=========>                                        ] 18%, approx 0mins 16s left... 
[=========>                                        ] 18%, approx 0mins 16s left... 
[=========>                                        ] 18%, approx 0mins 16s left... 
[=========>                                        ] 18%, approx 0mins 16s left... 
[=========>                                        ] 18%, approx 0mins 16s left... 
[=========>                                        ] 19%, approx 0mins 16s left... 
[=========>                                        ] 19%, approx 0mins 16s left... 
[=========>                                        ] 19%, approx 0mins 16s left... 
[=========>                                        ] 19%, approx 0mins 16s left... 
[=========>                                        ] 19%, approx 0mins 16s left... 
[=========>                                        ] 19%, approx 0mins 16s left... 
[=========>                                        ] 19%, approx 0mins 16s left... 
[=========>                                        ] 19%, approx 0mins 16s left... 
[==========>                                       ] 20%, approx 0mins 16s left... 
[==========>                                       ] 20%, approx 0mins 16s left... 
[==========>                                       ] 20%, approx 0mins 16s left... 
[==========>                                       ] 20%, approx 0mins 16s left... 
[==========>                                       ] 20%, approx 0mins 16s left... 
[==========>                                       ] 20%, approx 0mins 16s left... 
[==========>                                       ] 20%, approx 0mins 16s left... 
[==========>                                       ] 20%, approx 0mins 16s left... 
[==========>                                       ] 21%, approx 0mins 15s left... 
[==========>                                       ] 21%, approx 0mins 15s left... 
[==========>                                       ] 21%, approx 0mins 15s left... 
[==========>                                       ] 21%, approx 0mins 15s left... 
[==========>                                       ] 21%, approx 0mins 15s left... 
[==========>                                       ] 21%, approx 0mins 15s left... 
[==========>                                       ] 21%, approx 0mins 15s left... 
[==========>                                       ] 21%, approx 0mins 15s left... 
[===========>                                      ] 22%, approx 0mins 15s left... 
[===========>                                      ] 22%, approx 0mins 15s left... 
[===========>                                      ] 22%, approx 0mins 15s left... 
[===========>                                      ] 22%, approx 0mins 15s left... 
[===========>                                      ] 22%, approx 0mins 15s left... 
[===========>                                      ] 22%, approx 0mins 15s left... 
[===========>                                      ] 22%, approx 0mins 15s left... 
[===========>                                      ] 22%, approx 0mins 15s left... 
[===========>                                      ] 23%, approx 0mins 15s left... 
[===========>                                      ] 23%, approx 0mins 15s left... 
[===========>                                      ] 23%, approx 0mins 15s left... 
[===========>                                      ] 23%, approx 0mins 15s left... 
[===========>                                      ] 23%, approx 0mins 15s left... 
[===========>                                      ] 23%, approx 0mins 15s left... 
[===========>                                      ] 23%, approx 0mins 15s left... 
[===========>                                      ] 23%, approx 0mins 15s left... 
[============>                                     ] 24%, approx 0mins 15s left... 
[============>                                     ] 24%, approx 0mins 15s left... 
[============>                                     ] 24%, approx 0mins 15s left... 
[============>                                     ] 24%, approx 0mins 15s left... 
[============>                                     ] 24%, approx 0mins 15s left... 
[============>                                     ] 24%, approx 0mins 15s left... 
[============>                                     ] 24%, approx 0mins 15s left... 
[============>                                     ] 24%, approx 0mins 15s left... 
[============>                                     ] 25%, approx 0mins 15s left... 
[============>                                     ] 25%, approx 0mins 15s left... 
[============>                                     ] 25%, approx 0mins 15s left... 
[============>                                     ] 25%, approx 0mins 15s left... 
[============>                                     ] 25%, approx 0mins 15s left... 
[============>                                     ] 25%, approx 0mins 15s left... 
[============>                                     ] 25%, approx 0mins 15s left... 
[============>                                     ] 25%, approx 0mins 15s left... 
[=============>                                    ] 26%, approx 0mins 15s left... 
[=============>                                    ] 26%, approx 0mins 15s left... 
[=============>                                    ] 26%, approx 0mins 14s left... 
[=============>                                    ] 26%, approx 0mins 14s left... 
[=============>                                    ] 26%, approx 0mins 14s left... 
[=============>                                    ] 26%, approx 0mins 14s left... 
[=============>                                    ] 26%, approx 0mins 14s left... 
[=============>                                    ] 26%, approx 0mins 14s left... 
[=============>                                    ] 27%, approx 0mins 14s left... 
[=============>                                    ] 27%, approx 0mins 14s left... 
[=============>                                    ] 27%, approx 0mins 14s left... 
[=============>                                    ] 27%, approx 0mins 14s left... 
[=============>                                    ] 27%, approx 0mins 14s left... 
[=============>                                    ] 27%, approx 0mins 14s left... 
[=============>                                    ] 27%, approx 0mins 14s left... 
[=============>                                    ] 27%, approx 0mins 14s left... 
[==============>                                   ] 28%, approx 0mins 14s left... 
[==============>                                   ] 28%, approx 0mins 14s left... 
[==============>                                   ] 28%, approx 0mins 14s left... 
[==============>                                   ] 28%, approx 0mins 14s left... 
[==============>                                   ] 28%, approx 0mins 14s left... 
[==============>                                   ] 28%, approx 0mins 14s left... 
[==============>                                   ] 28%, approx 0mins 14s left... 
[==============>                                   ] 28%, approx 0mins 14s left... 
[==============>                                   ] 29%, approx 0mins 14s left... 
[==============>                                   ] 29%, approx 0mins 14s left... 
[==============>                                   ] 29%, approx 0mins 14s left... 
[==============>                                   ] 29%, approx 0mins 14s left... 
[==============>                                   ] 29%, approx 0mins 14s left... 
[==============>                                   ] 29%, approx 0mins 14s left... 
[==============>                                   ] 29%, approx 0mins 14s left... 
[==============>                                   ] 29%, approx 0mins 14s left... 
[===============>                                  ] 30%, approx 0mins 14s left... 
[===============>                                  ] 30%, approx 0mins 14s left... 
[===============>                                  ] 30%, approx 0mins 14s left... 
[===============>                                  ] 30%, approx 0mins 14s left... 
[===============>                                  ] 30%, approx 0mins 14s left... 
[===============>                                  ] 30%, approx 0mins 14s left... 
[===============>                                  ] 30%, approx 0mins 14s left... 
[===============>                                  ] 30%, approx 0mins 14s left... 
[===============>                                  ] 31%, approx 0mins 14s left... 
[===============>                                  ] 31%, approx 0mins 13s left... 
[===============>                                  ] 31%, approx 0mins 13s left... 
[===============>                                  ] 31%, approx 0mins 13s left... 
[===============>                                  ] 31%, approx 0mins 13s left... 
[===============>                                  ] 31%, approx 0mins 13s left... 
[===============>                                  ] 31%, approx 0mins 13s left... 
[===============>                                  ] 31%, approx 0mins 13s left... 
[================>                                 ] 32%, approx 0mins 13s left... 
[================>                                 ] 32%, approx 0mins 13s left... 
[================>                                 ] 32%, approx 0mins 13s left... 
[================>                                 ] 32%, approx 0mins 13s left... 
[================>                                 ] 32%, approx 0mins 13s left... 
[================>                                 ] 32%, approx 0mins 13s left... 
[================>                                 ] 32%, approx 0mins 13s left... 
[================>                                 ] 32%, approx 0mins 13s left... 
[================>                                 ] 33%, approx 0mins 13s left... 
[================>                                 ] 33%, approx 0mins 13s left... 
[================>                                 ] 33%, approx 0mins 13s left... 
[================>                                 ] 33%, approx 0mins 13s left... 
[================>                                 ] 33%, approx 0mins 13s left... 
[================>                                 ] 33%, approx 0mins 13s left... 
[================>                                 ] 33%, approx 0mins 13s left... 
[================>                                 ] 33%, approx 0mins 13s left... 
[=================>                                ] 34%, approx 0mins 13s left... 
[=================>                                ] 34%, approx 0mins 13s left... 
[=================>                                ] 34%, approx 0mins 13s left... 
[=================>                                ] 34%, approx 0mins 13s left... 
[=================>                                ] 34%, approx 0mins 13s left... 
[=================>                                ] 34%, approx 0mins 13s left... 
[=================>                                ] 34%, approx 0mins 13s left... 
[=================>                                ] 34%, approx 0mins 13s left... 
[=================>                                ] 35%, approx 0mins 13s left... 
[=================>                                ] 35%, approx 0mins 13s left... 
[=================>                                ] 35%, approx 0mins 13s left... 
[=================>                                ] 35%, approx 0mins 13s left... 
[=================>                                ] 35%, approx 0mins 13s left... 
[=================>                                ] 35%, approx 0mins 13s left... 
[=================>                                ] 35%, approx 0mins 13s left... 
[=================>                                ] 35%, approx 0mins 13s left... 
[==================>                               ] 36%, approx 0mins 13s left... 
[==================>                               ] 36%, approx 0mins 12s left... 
[==================>                               ] 36%, approx 0mins 12s left... 
[==================>                               ] 36%, approx 0mins 12s left... 
[==================>                               ] 36%, approx 0mins 12s left... 
[==================>                               ] 36%, approx 0mins 12s left... 
[==================>                               ] 36%, approx 0mins 12s left... 
[==================>                               ] 36%, approx 0mins 12s left... 
[==================>                               ] 37%, approx 0mins 12s left... 
[==================>                               ] 37%, approx 0mins 12s left... 
[==================>                               ] 37%, approx 0mins 12s left... 
[==================>                               ] 37%, approx 0mins 12s left... 
[==================>                               ] 37%, approx 0mins 12s left... 
[==================>                               ] 37%, approx 0mins 12s left... 
[==================>                               ] 37%, approx 0mins 12s left... 
[==================>                               ] 37%, approx 0mins 12s left... 
[===================>                              ] 38%, approx 0mins 12s left... 
[===================>                              ] 38%, approx 0mins 12s left... 
[===================>                              ] 38%, approx 0mins 12s left... 
[===================>                              ] 38%, approx 0mins 12s left... 
[===================>                              ] 38%, approx 0mins 12s left... 
[===================>                              ] 38%, approx 0mins 12s left... 
[===================>                              ] 38%, approx 0mins 12s left... 
[===================>                              ] 38%, approx 0mins 12s left... 
[===================>                              ] 39%, approx 0mins 12s left... 
[===================>                              ] 39%, approx 0mins 12s left... 
[===================>                              ] 39%, approx 0mins 12s left... 
[===================>                              ] 39%, approx 0mins 12s left... 
[===================>                              ] 39%, approx 0mins 12s left... 
[===================>                              ] 39%, approx 0mins 12s left... 
[===================>                              ] 39%, approx 0mins 12s left... 
[===================>                              ] 39%, approx 0mins 12s left... 
[====================>                             ] 40%, approx 0mins 12s left... 
[====================>                             ] 40%, approx 0mins 12s left... 
[====================>                             ] 40%, approx 0mins 12s left... 
[====================>                             ] 40%, approx 0mins 12s left... 
[====================>                             ] 40%, approx 0mins 12s left... 
[====================>                             ] 40%, approx 0mins 12s left... 
[====================>                             ] 40%, approx 0mins 12s left... 
[====================>                             ] 40%, approx 0mins 12s left... 
[====================>                             ] 41%, approx 0mins 12s left... 
[====================>                             ] 41%, approx 0mins 11s left... 
[====================>                             ] 41%, approx 0mins 11s left... 
[====================>                             ] 41%, approx 0mins 11s left... 
[====================>                             ] 41%, approx 0mins 11s left... 
[====================>                             ] 41%, approx 0mins 11s left... 
[====================>                             ] 41%, approx 0mins 11s left... 
[====================>                             ] 41%, approx 0mins 11s left... 
[=====================>                            ] 42%, approx 0mins 11s left... 
[=====================>                            ] 42%, approx 0mins 11s left... 
[=====================>                            ] 42%, approx 0mins 11s left... 
[=====================>                            ] 42%, approx 0mins 11s left... 
[=====================>                            ] 42%, approx 0mins 11s left... 
[=====================>                            ] 42%, approx 0mins 11s left... 
[=====================>                            ] 42%, approx 0mins 11s left... 
[=====================>                            ] 42%, approx 0mins 11s left... 
[=====================>                            ] 43%, approx 0mins 11s left... 
[=====================>                            ] 43%, approx 0mins 11s left... 
[=====================>                            ] 43%, approx 0mins 11s left... 
[=====================>                            ] 43%, approx 0mins 11s left... 
[=====================>                            ] 43%, approx 0mins 11s left... 
[=====================>                            ] 43%, approx 0mins 11s left... 
[=====================>                            ] 43%, approx 0mins 11s left... 
[=====================>                            ] 43%, approx 0mins 11s left... 
[======================>                           ] 44%, approx 0mins 11s left... 
[======================>                           ] 44%, approx 0mins 11s left... 
[======================>                           ] 44%, approx 0mins 11s left... 
[======================>                           ] 44%, approx 0mins 11s left... 
[======================>                           ] 44%, approx 0mins 11s left... 
[======================>                           ] 44%, approx 0mins 11s left... 
[======================>                           ] 44%, approx 0mins 11s left... 
[======================>                           ] 44%, approx 0mins 11s left... 
[======================>                           ] 45%, approx 0mins 11s left... 
[======================>                           ] 45%, approx 0mins 11s left... 
[======================>                           ] 45%, approx 0mins 11s left... 
[======================>                           ] 45%, approx 0mins 11s left... 
[======================>                           ] 45%, approx 0mins 11s left... 
[======================>                           ] 45%, approx 0mins 11s left... 
[======================>                           ] 45%, approx 0mins 11s left... 
[======================>                           ] 45%, approx 0mins 11s left... 
[=======================>                          ] 46%, approx 0mins 11s left... 
[=======================>                          ] 46%, approx 0mins 10s left... 
[=======================>                          ] 46%, approx 0mins 10s left... 
[=======================>                          ] 46%, approx 0mins 10s left... 
[=======================>                          ] 46%, approx 0mins 10s left... 
[=======================>                          ] 46%, approx 0mins 10s left... 
[=======================>                          ] 46%, approx 0mins 10s left... 
[=======================>                          ] 46%, approx 0mins 10s left... 
[=======================>                          ] 47%, approx 0mins 10s left... 
[=======================>                          ] 47%, approx 0mins 10s left... 
[=======================>                          ] 47%, approx 0mins 10s left... 
[=======================>                          ] 47%, approx 0mins 10s left... 
[=======================>                          ] 47%, approx 0mins 10s left... 
[=======================>                          ] 47%, approx 0mins 10s left... 
[=======================>                          ] 47%, approx 0mins 10s left... 
[=======================>                          ] 47%, approx 0mins 10s left... 
[========================>                         ] 48%, approx 0mins 10s left... 
[========================>                         ] 48%, approx 0mins 10s left... 
[========================>                         ] 48%, approx 0mins 10s left... 
[========================>                         ] 48%, approx 0mins 10s left... 
[========================>                         ] 48%, approx 0mins 10s left... 
[========================>                         ] 48%, approx 0mins 10s left... 
[========================>                         ] 48%, approx 0mins 10s left... 
[========================>                         ] 48%, approx 0mins 10s left... 
[========================>                         ] 49%, approx 0mins 10s left... 
[========================>                         ] 49%, approx 0mins 10s left... 
[========================>                         ] 49%, approx 0mins 10s left... 
[========================>                         ] 49%, approx 0mins 10s left... 
[========================>                         ] 49%, approx 0mins 10s left... 
[========================>                         ] 49%, approx 0mins 10s left... 
[========================>                         ] 49%, approx 0mins 10s left... 
[========================>                         ] 49%, approx 0mins 10s left... 
[=========================>                        ] 50%, approx 0mins 10s left... 
[=========================>                        ] 50%, approx 0mins 10s left... 
[=========================>                        ] 50%, approx 0mins 10s left... 
[=========================>                        ] 50%, approx 0mins 10s left... 
[=========================>                        ] 50%, approx 0mins 10s left... 
[=========================>                        ] 50%, approx 0mins 10s left... 
[=========================>                        ] 50%, approx 0mins 10s left... 
[=========================>                        ] 50%, approx 0mins 10s left... 
[=========================>                        ] 51%, approx 0mins 9s left... 
[=========================>                        ] 51%, approx 0mins 9s left... 
[=========================>                        ] 51%, approx 0mins 9s left... 
[=========================>                        ] 51%, approx 0mins 9s left... 
[=========================>                        ] 51%, approx 0mins 9s left... 
[=========================>                        ] 51%, approx 0mins 9s left... 
[=========================>                        ] 51%, approx 0mins 9s left... 
[=========================>                        ] 51%, approx 0mins 9s left... 
[==========================>                       ] 52%, approx 0mins 9s left... 
[==========================>                       ] 52%, approx 0mins 9s left... 
[==========================>                       ] 52%, approx 0mins 9s left... 
[==========================>                       ] 52%, approx 0mins 9s left... 
[==========================>                       ] 52%, approx 0mins 9s left... 
[==========================>                       ] 52%, approx 0mins 9s left... 
[==========================>                       ] 52%, approx 0mins 9s left... 
[==========================>                       ] 52%, approx 0mins 9s left... 
[==========================>                       ] 53%, approx 0mins 9s left... 
[==========================>                       ] 53%, approx 0mins 9s left... 
[==========================>                       ] 53%, approx 0mins 9s left... 
[==========================>                       ] 53%, approx 0mins 9s left... 
[==========================>                       ] 53%, approx 0mins 9s left... 
[==========================>                       ] 53%, approx 0mins 9s left... 
[==========================>                       ] 53%, approx 0mins 9s left... 
[==========================>                       ] 53%, approx 0mins 9s left... 
[===========================>                      ] 54%, approx 0mins 9s left... 
[===========================>                      ] 54%, approx 0mins 9s left... 
[===========================>                      ] 54%, approx 0mins 9s left... 
[===========================>                      ] 54%, approx 0mins 9s left... 
[===========================>                      ] 54%, approx 0mins 9s left... 
[===========================>                      ] 54%, approx 0mins 9s left... 
[===========================>                      ] 54%, approx 0mins 9s left... 
[===========================>                      ] 54%, approx 0mins 9s left... 
[===========================>                      ] 55%, approx 0mins 9s left... 
[===========================>                      ] 55%, approx 0mins 9s left... 
[===========================>                      ] 55%, approx 0mins 9s left... 
[===========================>                      ] 55%, approx 0mins 9s left... 
[===========================>                      ] 55%, approx 0mins 9s left... 
[===========================>                      ] 55%, approx 0mins 9s left... 
[===========================>                      ] 55%, approx 0mins 9s left... 
[===========================>                      ] 55%, approx 0mins 8s left... 
[============================>                     ] 56%, approx 0mins 8s left... 
[============================>                     ] 56%, approx 0mins 8s left... 
[============================>                     ] 56%, approx 0mins 8s left... 
[============================>                     ] 56%, approx 0mins 8s left... 
[============================>                     ] 56%, approx 0mins 8s left... 
[============================>                     ] 56%, approx 0mins 8s left... 
[============================>                     ] 56%, approx 0mins 8s left... 
[============================>                     ] 56%, approx 0mins 8s left... 
[============================>                     ] 57%, approx 0mins 8s left... 
[============================>                     ] 57%, approx 0mins 8s left... 
[============================>                     ] 57%, approx 0mins 8s left... 
[============================>                     ] 57%, approx 0mins 8s left... 
[============================>                     ] 57%, approx 0mins 8s left... 
[============================>                     ] 57%, approx 0mins 8s left... 
[============================>                     ] 57%, approx 0mins 8s left... 
[============================>                     ] 57%, approx 0mins 8s left... 
[=============================>                    ] 58%, approx 0mins 8s left... 
[=============================>                    ] 58%, approx 0mins 8s left... 
[=============================>                    ] 58%, approx 0mins 8s left... 
[=============================>                    ] 58%, approx 0mins 8s left... 
[=============================>                    ] 58%, approx 0mins 8s left... 
[=============================>                    ] 58%, approx 0mins 8s left... 
[=============================>                    ] 58%, approx 0mins 8s left... 
[=============================>                    ] 58%, approx 0mins 8s left... 
[=============================>                    ] 59%, approx 0mins 8s left... 
[=============================>                    ] 59%, approx 0mins 8s left... 
[=============================>                    ] 59%, approx 0mins 8s left... 
[=============================>                    ] 59%, approx 0mins 8s left... 
[=============================>                    ] 59%, approx 0mins 8s left... 
[=============================>                    ] 59%, approx 0mins 8s left... 
[=============================>                    ] 59%, approx 0mins 8s left... 
[=============================>                    ] 59%, approx 0mins 8s left... 
[==============================>                   ] 60%, approx 0mins 8s left... 
[==============================>                   ] 60%, approx 0mins 8s left... 
[==============================>                   ] 60%, approx 0mins 8s left... 
[==============================>                   ] 60%, approx 0mins 8s left... 
[==============================>                   ] 60%, approx 0mins 8s left... 
[==============================>                   ] 60%, approx 0mins 8s left... 
[==============================>                   ] 60%, approx 0mins 7s left... 
[==============================>                   ] 60%, approx 0mins 7s left... 
[==============================>                   ] 61%, approx 0mins 7s left... 
[==============================>                   ] 61%, approx 0mins 7s left... 
[==============================>                   ] 61%, approx 0mins 7s left... 
[==============================>                   ] 61%, approx 0mins 7s left... 
[==============================>                   ] 61%, approx 0mins 7s left... 
[==============================>                   ] 61%, approx 0mins 7s left... 
[==============================>                   ] 61%, approx 0mins 7s left... 
[==============================>                   ] 61%, approx 0mins 7s left... 
[===============================>                  ] 62%, approx 0mins 7s left... 
[===============================>                  ] 62%, approx 0mins 7s left... 
[===============================>                  ] 62%, approx 0mins 7s left... 
[===============================>                  ] 62%, approx 0mins 7s left... 
[===============================>                  ] 62%, approx 0mins 7s left... 
[===============================>                  ] 62%, approx 0mins 7s left... 
[===============================>                  ] 62%, approx 0mins 7s left... 
[===============================>                  ] 62%, approx 0mins 7s left... 
[===============================>                  ] 63%, approx 0mins 7s left... 
[===============================>                  ] 63%, approx 0mins 7s left... 
[===============================>                  ] 63%, approx 0mins 7s left... 
[===============================>                  ] 63%, approx 0mins 7s left... 
[===============================>                  ] 63%, approx 0mins 7s left... 
[===============================>                  ] 63%, approx 0mins 7s left... 
[===============================>                  ] 63%, approx 0mins 7s left... 
[===============================>                  ] 63%, approx 0mins 7s left... 
[================================>                 ] 64%, approx 0mins 7s left... 
[================================>                 ] 64%, approx 0mins 7s left... 
[================================>                 ] 64%, approx 0mins 7s left... 
[================================>                 ] 64%, approx 0mins 7s left... 
[================================>                 ] 64%, approx 0mins 7s left... 
[================================>                 ] 64%, approx 0mins 7s left... 
[================================>                 ] 64%, approx 0mins 7s left... 
[================================>                 ] 64%, approx 0mins 7s left... 
[================================>                 ] 65%, approx 0mins 7s left... 
[================================>                 ] 65%, approx 0mins 7s left... 
[================================>                 ] 65%, approx 0mins 7s left... 
[================================>                 ] 65%, approx 0mins 7s left... 
[================================>                 ] 65%, approx 0mins 7s left... 
[================================>                 ] 65%, approx 0mins 7s left... 
[================================>                 ] 65%, approx 0mins 6s left... 
[================================>                 ] 65%, approx 0mins 6s left... 
[=================================>                ] 66%, approx 0mins 6s left... 
[=================================>                ] 66%, approx 0mins 6s left... 
[=================================>                ] 66%, approx 0mins 6s left... 
[=================================>                ] 66%, approx 0mins 6s left... 
[=================================>                ] 66%, approx 0mins 6s left... 
[=================================>                ] 66%, approx 0mins 6s left... 
[=================================>                ] 66%, approx 0mins 6s left... 
[=================================>                ] 66%, approx 0mins 6s left... 
[=================================>                ] 67%, approx 0mins 6s left... 
[=================================>                ] 67%, approx 0mins 6s left... 
[=================================>                ] 67%, approx 0mins 6s left... 
[=================================>                ] 67%, approx 0mins 6s left... 
[=================================>                ] 67%, approx 0mins 6s left... 
[=================================>                ] 67%, approx 0mins 6s left... 
[=================================>                ] 67%, approx 0mins 6s left... 
[=================================>                ] 67%, approx 0mins 6s left... 
[==================================>               ] 68%, approx 0mins 6s left... 
[==================================>               ] 68%, approx 0mins 6s left... 
[==================================>               ] 68%, approx 0mins 6s left... 
[==================================>               ] 68%, approx 0mins 6s left... 
[==================================>               ] 68%, approx 0mins 6s left... 
[==================================>               ] 68%, approx 0mins 6s left... 
[==================================>               ] 68%, approx 0mins 6s left... 
[==================================>               ] 68%, approx 0mins 6s left... 
[==================================>               ] 69%, approx 0mins 6s left... 
[==================================>               ] 69%, approx 0mins 6s left... 
[==================================>               ] 69%, approx 0mins 6s left... 
[==================================>               ] 69%, approx 0mins 6s left... 
[==================================>               ] 69%, approx 0mins 6s left... 
[==================================>               ] 69%, approx 0mins 6s left... 
[==================================>               ] 69%, approx 0mins 6s left... 
[==================================>               ] 69%, approx 0mins 6s left... 
[===================================>              ] 70%, approx 0mins 6s left... 
[===================================>              ] 70%, approx 0mins 6s left... 
[===================================>              ] 70%, approx 0mins 6s left... 
[===================================>              ] 70%, approx 0mins 6s left... 
[===================================>              ] 70%, approx 0mins 6s left... 
[===================================>              ] 70%, approx 0mins 5s left... 
[===================================>              ] 70%, approx 0mins 5s left... 
[===================================>              ] 70%, approx 0mins 5s left... 
[===================================>              ] 71%, approx 0mins 5s left... 
[===================================>              ] 71%, approx 0mins 5s left... 
[===================================>              ] 71%, approx 0mins 5s left... 
[===================================>              ] 71%, approx 0mins 5s left... 
[===================================>              ] 71%, approx 0mins 5s left... 
[===================================>              ] 71%, approx 0mins 5s left... 
[===================================>              ] 71%, approx 0mins 5s left... 
[===================================>              ] 71%, approx 0mins 5s left... 
[====================================>             ] 72%, approx 0mins 5s left... 
[====================================>             ] 72%, approx 0mins 5s left... 
[====================================>             ] 72%, approx 0mins 5s left... 
[====================================>             ] 72%, approx 0mins 5s left... 
[====================================>             ] 72%, approx 0mins 5s left... 
[====================================>             ] 72%, approx 0mins 5s left... 
[====================================>             ] 72%, approx 0mins 5s left... 
[====================================>             ] 72%, approx 0mins 5s left... 
[====================================>             ] 73%, approx 0mins 5s left... 
[====================================>             ] 73%, approx 0mins 5s left... 
[====================================>             ] 73%, approx 0mins 5s left... 
[====================================>             ] 73%, approx 0mins 5s left... 
[====================================>             ] 73%, approx 0mins 5s left... 
[====================================>             ] 73%, approx 0mins 5s left... 
[====================================>             ] 73%, approx 0mins 5s left... 
[====================================>             ] 73%, approx 0mins 5s left... 
[=====================================>            ] 74%, approx 0mins 5s left... 
[=====================================>            ] 74%, approx 0mins 5s left... 
[=====================================>            ] 74%, approx 0mins 5s left... 
[=====================================>            ] 74%, approx 0mins 5s left... 
[=====================================>            ] 74%, approx 0mins 5s left... 
[=====================================>            ] 74%, approx 0mins 5s left... 
[=====================================>            ] 74%, approx 0mins 5s left... 
[=====================================>            ] 74%, approx 0mins 5s left... 
[=====================================>            ] 75%, approx 0mins 5s left... 
[=====================================>            ] 75%, approx 0mins 5s left... 
[=====================================>            ] 75%, approx 0mins 5s left... 
[=====================================>            ] 75%, approx 0mins 5s left... 
[=====================================>            ] 75%, approx 0mins 4s left... 
[=====================================>            ] 75%, approx 0mins 4s left... 
[=====================================>            ] 75%, approx 0mins 4s left... 
[=====================================>            ] 75%, approx 0mins 4s left... 
[======================================>           ] 76%, approx 0mins 4s left... 
[======================================>           ] 76%, approx 0mins 4s left... 
[======================================>           ] 76%, approx 0mins 4s left... 
[======================================>           ] 76%, approx 0mins 4s left... 
[======================================>           ] 76%, approx 0mins 4s left... 
[======================================>           ] 76%, approx 0mins 4s left... 
[======================================>           ] 76%, approx 0mins 4s left... 
[======================================>           ] 76%, approx 0mins 4s left... 
[======================================>           ] 77%, approx 0mins 4s left... 
[======================================>           ] 77%, approx 0mins 4s left... 
[======================================>           ] 77%, approx 0mins 4s left... 
[======================================>           ] 77%, approx 0mins 4s left... 
[======================================>           ] 77%, approx 0mins 4s left... 
[======================================>           ] 77%, approx 0mins 4s left... 
[======================================>           ] 77%, approx 0mins 4s left... 
[======================================>           ] 77%, approx 0mins 4s left... 
[=======================================>          ] 78%, approx 0mins 4s left... 
[=======================================>          ] 78%, approx 0mins 4s left... 
[=======================================>          ] 78%, approx 0mins 4s left... 
[=======================================>          ] 78%, approx 0mins 4s left... 
[=======================================>          ] 78%, approx 0mins 4s left... 
[=======================================>          ] 78%, approx 0mins 4s left... 
[=======================================>          ] 78%, approx 0mins 4s left... 
[=======================================>          ] 78%, approx 0mins 4s left... 
[=======================================>          ] 79%, approx 0mins 4s left... 
[=======================================>          ] 79%, approx 0mins 4s left... 
[=======================================>          ] 79%, approx 0mins 4s left... 
[=======================================>          ] 79%, approx 0mins 4s left... 
[=======================================>          ] 79%, approx 0mins 4s left... 
[=======================================>          ] 79%, approx 0mins 4s left... 
[=======================================>          ] 79%, approx 0mins 4s left... 
[=======================================>          ] 79%, approx 0mins 4s left... 
[========================================>         ] 80%, approx 0mins 4s left... 
[========================================>         ] 80%, approx 0mins 4s left... 
[========================================>         ] 80%, approx 0mins 4s left... 
[========================================>         ] 80%, approx 0mins 3s left... 
[========================================>         ] 80%, approx 0mins 3s left... 
[========================================>         ] 80%, approx 0mins 3s left... 
[========================================>         ] 80%, approx 0mins 3s left... 
[========================================>         ] 80%, approx 0mins 3s left... 
[========================================>         ] 81%, approx 0mins 3s left... 
[========================================>         ] 81%, approx 0mins 3s left... 
[========================================>         ] 81%, approx 0mins 3s left... 
[========================================>         ] 81%, approx 0mins 3s left... 
[========================================>         ] 81%, approx 0mins 3s left... 
[========================================>         ] 81%, approx 0mins 3s left... 
[========================================>         ] 81%, approx 0mins 3s left... 
[========================================>         ] 81%, approx 0mins 3s left... 
[=========================================>        ] 82%, approx 0mins 3s left... 
[=========================================>        ] 82%, approx 0mins 3s left... 
[=========================================>        ] 82%, approx 0mins 3s left... 
[=========================================>        ] 82%, approx 0mins 3s left... 
[=========================================>        ] 82%, approx 0mins 3s left... 
[=========================================>        ] 82%, approx 0mins 3s left... 
[=========================================>        ] 82%, approx 0mins 3s left... 
[=========================================>        ] 82%, approx 0mins 3s left... 
[=========================================>        ] 83%, approx 0mins 3s left... 
[=========================================>        ] 83%, approx 0mins 3s left... 
[=========================================>        ] 83%, approx 0mins 3s left... 
[=========================================>        ] 83%, approx 0mins 3s left... 
[=========================================>        ] 83%, approx 0mins 3s left... 
[=========================================>        ] 83%, approx 0mins 3s left... 
[=========================================>        ] 83%, approx 0mins 3s left... 
[=========================================>        ] 83%, approx 0mins 3s left... 
[==========================================>       ] 84%, approx 0mins 3s left... 
[==========================================>       ] 84%, approx 0mins 3s left... 
[==========================================>       ] 84%, approx 0mins 3s left... 
[==========================================>       ] 84%, approx 0mins 3s left... 
[==========================================>       ] 84%, approx 0mins 3s left... 
[==========================================>       ] 84%, approx 0mins 3s left... 
[==========================================>       ] 84%, approx 0mins 3s left... 
[==========================================>       ] 84%, approx 0mins 3s left... 
[==========================================>       ] 85%, approx 0mins 3s left... 
[==========================================>       ] 85%, approx 0mins 3s left... 
[==========================================>       ] 85%, approx 0mins 3s left... 
[==========================================>       ] 85%, approx 0mins 2s left... 
[==========================================>       ] 85%, approx 0mins 2s left... 
[==========================================>       ] 85%, approx 0mins 2s left... 
[==========================================>       ] 85%, approx 0mins 2s left... 
[==========================================>       ] 85%, approx 0mins 2s left... 
[===========================================>      ] 86%, approx 0mins 2s left... 
[===========================================>      ] 86%, approx 0mins 2s left... 
[===========================================>      ] 86%, approx 0mins 2s left... 
[===========================================>      ] 86%, approx 0mins 2s left... 
[===========================================>      ] 86%, approx 0mins 2s left... 
[===========================================>      ] 86%, approx 0mins 2s left... 
[===========================================>      ] 86%, approx 0mins 2s left... 
[===========================================>      ] 86%, approx 0mins 2s left... 
[===========================================>      ] 87%, approx 0mins 2s left... 
[===========================================>      ] 87%, approx 0mins 2s left... 
[===========================================>      ] 87%, approx 0mins 2s left... 
[===========================================>      ] 87%, approx 0mins 2s left... 
[===========================================>      ] 87%, approx 0mins 2s left... 
[===========================================>      ] 87%, approx 0mins 2s left... 
[===========================================>      ] 87%, approx 0mins 2s left... 
[===========================================>      ] 87%, approx 0mins 2s left... 
[============================================>     ] 88%, approx 0mins 2s left... 
[============================================>     ] 88%, approx 0mins 2s left... 
[============================================>     ] 88%, approx 0mins 2s left... 
[============================================>     ] 88%, approx 0mins 2s left... 
[============================================>     ] 88%, approx 0mins 2s left... 
[============================================>     ] 88%, approx 0mins 2s left... 
[============================================>     ] 88%, approx 0mins 2s left... 
[============================================>     ] 88%, approx 0mins 2s left... 
[============================================>     ] 89%, approx 0mins 2s left... 
[============================================>     ] 89%, approx 0mins 2s left... 
[============================================>     ] 89%, approx 0mins 2s left... 
[============================================>     ] 89%, approx 0mins 2s left... 
[============================================>     ] 89%, approx 0mins 2s left... 
[============================================>     ] 89%, approx 0mins 2s left... 
[============================================>     ] 89%, approx 0mins 2s left... 
[============================================>     ] 89%, approx 0mins 2s left... 
[=============================================>    ] 90%, approx 0mins 2s left... 
[=============================================>    ] 90%, approx 0mins 2s left... 
[=============================================>    ] 90%, approx 0mins 1s left... 
[=============================================>    ] 90%, approx 0mins 1s left... 
[=============================================>    ] 90%, approx 0mins 1s left... 
[=============================================>    ] 90%, approx 0mins 1s left... 
[=============================================>    ] 90%, approx 0mins 1s left... 
[=============================================>    ] 90%, approx 0mins 1s left... 
[=============================================>    ] 91%, approx 0mins 1s left... 
[=============================================>    ] 91%, approx 0mins 1s left... 
[=============================================>    ] 91%, approx 0mins 1s left... 
[=============================================>    ] 91%, approx 0mins 1s left... 
[=============================================>    ] 91%, approx 0mins 1s left... 
[=============================================>    ] 91%, approx 0mins 1s left... 
[=============================================>    ] 91%, approx 0mins 1s left... 
[=============================================>    ] 91%, approx 0mins 1s left... 
[==============================================>   ] 92%, approx 0mins 1s left... 
[==============================================>   ] 92%, approx 0mins 1s left... 
[==============================================>   ] 92%, approx 0mins 1s left... 
[==============================================>   ] 92%, approx 0mins 1s left... 
[==============================================>   ] 92%, approx 0mins 1s left... 
[==============================================>   ] 92%, approx 0mins 1s left... 
[==============================================>   ] 92%, approx 0mins 1s left... 
[==============================================>   ] 92%, approx 0mins 1s left... 
[==============================================>   ] 93%, approx 0mins 1s left... 
[==============================================>   ] 93%, approx 0mins 1s left... 
[==============================================>   ] 93%, approx 0mins 1s left... 
[==============================================>   ] 93%, approx 0mins 1s left... 
[==============================================>   ] 93%, approx 0mins 1s left... 
[==============================================>   ] 93%, approx 0mins 1s left... 
[==============================================>   ] 93%, approx 0mins 1s left... 
[==============================================>   ] 93%, approx 0mins 1s left... 
[===============================================>  ] 94%, approx 0mins 1s left... 
[===============================================>  ] 94%, approx 0mins 1s left... 
[===============================================>  ] 94%, approx 0mins 1s left... 
[===============================================>  ] 94%, approx 0mins 1s left... 
[===============================================>  ] 94%, approx 0mins 1s left... 
[===============================================>  ] 94%, approx 0mins 1s left... 
[===============================================>  ] 94%, approx 0mins 1s left... 
[===============================================>  ] 94%, approx 0mins 1s left... 
[===============================================>  ] 95%, approx 0mins 1s left... 
[===============================================>  ] 95%, approx 0mins 0s left... 
[===============================================>  ] 95%, approx 0mins 0s left... 
[===============================================>  ] 95%, approx 0mins 0s left... 
[===============================================>  ] 95%, approx 0mins 0s left... 
[===============================================>  ] 95%, approx 0mins 0s left... 
[===============================================>  ] 95%, approx 0mins 0s left... 
[===============================================>  ] 95%, approx 0mins 0s left... 
[================================================> ] 96%, approx 0mins 0s left... 
[================================================> ] 96%, approx 0mins 0s left... 
[================================================> ] 96%, approx 0mins 0s left... 
[================================================> ] 96%, approx 0mins 0s left... 
[================================================> ] 96%, approx 0mins 0s left... 
[================================================> ] 96%, approx 0mins 0s left... 
[================================================> ] 96%, approx 0mins 0s left... 
[================================================> ] 96%, approx 0mins 0s left... 
[================================================> ] 97%, approx 0mins 0s left... 
[================================================> ] 97%, approx 0mins 0s left... 
[================================================> ] 97%, approx 0mins 0s left... 
[================================================> ] 97%, approx 0mins 0s left... 
[================================================> ] 97%, approx 0mins 0s left... 
[================================================> ] 97%, approx 0mins 0s left... 
[================================================> ] 97%, approx 0mins 0s left... 
[================================================> ] 97%, approx 0mins 0s left... 
[=================================================>] 98%, approx 0mins 0s left... 
[=================================================>] 98%, approx 0mins 0s left... 
[=================================================>] 98%, approx 0mins 0s left... 
[=================================================>] 98%, approx 0mins 0s left... 
[=================================================>] 98%, approx 0mins 0s left... 
[=================================================>] 98%, approx 0mins 0s left... 
[=================================================>] 98%, approx 0mins 0s left... 
[=================================================>] 98%, approx 0mins 0s left... 
[=================================================>] 99%, approx 0mins 0s left... 
[=================================================>] 99%, approx 0mins 0s left... 
[=================================================>] 99%, approx 0mins 0s left... 
[=================================================>] 99%, approx 0mins 0s left... 
[=================================================>] 99%, approx 0mins 0s left... 
[=================================================>] 99%, approx 0mins 0s left... 
[=================================================>] 99%, approx 0mins 0s left... 
[=================================================>] 99%, approx 0mins 0s left... 
[==================================================] 100%, approx 0mins 0s left... 
[INFO] [1769165084.219294875] [etsvi_node]: Simulation finished, wall time: 21.865354 s, Average step time: 25.528381 ms
[INFO] [1769165084.225004569] [etsvi_node]: Data saved to src/vi/csv/q0p4_dt0p01_T40_a0p9_b0p065/etsvi/

Experiment: q0p4_dt0p01_T40_a0p9_b0p065
Params: /home/user/ros2_ws/dynamic_ws/src/vi/config/vi_params_q0p4_dt0p01_T40_a0p9_b0p065.yaml
Skipped run (existing /home/user/ros2_ws/dynamic_ws/src/vi/csv/q0p4_dt0p01_T40_a0p9_b0p065/etsvi/delta_energy_history.csv)
Experiment: q0p4_dt0p01_T40_a0p9_b0p065
Params: /home/user/ros2_ws/dynamic_ws/src/vi/config/vi_params_q0p4_dt0p01_T40_a0p9_b0p065.yaml
Skipped run (existing /home/user/ros2_ws/dynamic_ws/src/vi/csv/q0p4_dt0p01_T40_a0p9_b0p065/etsvi/delta_energy_history.csv)
Experiment: q0p4_dt0p01_T40_a0p9_b0p065
Params: /home/user/ros2_ws/dynamic_ws/src/vi/config/vi_params_q0p4_dt0p01_T40_a0p9_b0p065.yaml
Skipped run (existing /home/user/ros2_ws/dynamic_ws/src/vi/csv/q0p4_dt0p01_T40_a0p9_b0p065/etsvi/delta_energy_history.csv)
Experiment: q0p4_dt0p01_T40_a0p9_b0p065
Params: /home/user/ros2_ws/dynamic_ws/src/vi/config/vi_params_q0p4_dt0p01_T40_a0p9_b0p065.yaml
Skipped run (existing /home/user/ros2_ws/dynamic_ws/src/vi/csv/q0p4_dt0p01_T40_a0p9_b0p065/etsvi/delta_energy_history.csv)
Experiment: q0p4_dt0p01_T40_a0p9_b0p065
Params: /home/user/ros2_ws/dynamic_ws/src/vi/config/vi_params_q0p4_dt0p01_T40_a0p9_b0p065.yaml
Skipped run (existing /home/user/ros2_ws/dynamic_ws/src/vi/csv/q0p4_dt0p01_T40_a0p9_b0p065/etsvi/delta_energy_history.csv)
Experiment: q0p4_dt0p01_T40_a0p9_b0p065
Params: /home/user/ros2_ws/dynamic_ws/src/vi/config/vi_params_q0p4_dt0p01_T40_a0p9_b0p065.yaml
Skipped run (existing /home/user/ros2_ws/dynamic_ws/src/vi/csv/q0p4_dt0p01_T40_a0p9_b0p065/etsvi/delta_energy_history.csv)
